<?xml version="1.0" encoding="UTF-8"?>
<!-- Generated by org.testng.reporters.JUnitXMLReporter -->
<testsuite hostname="Bhupender" name="Test1" tests="4" failures="0" timestamp="1 Nov 2018 05:21:57 GMT" time="81.448" errors="0">
  <testcase name="TestApplication" time="51.608" classname="com.TestApplication.Test_App"/>
  <testcase name="selectlocation" time="5.335" classname="com.TestApplication.Test_App"/>
  <testcase name="verifypagelement" time="3.051" classname="com.TestApplication.Test_App"/>
  <testcase name="SelectAddToCartElement" time="20.643" classname="com.TestApplication.Test_App"/>
</testsuite> <!-- Test1 -->
