<?xml version="1.0" encoding="UTF-8"?>
<!-- Generated by org.testng.reporters.JUnitXMLReporter -->
<testsuite hostname="Bhupender" name="Test" tests="5" failures="1" timestamp="20 Jun 2018 04:28:58 GMT" time="20.277" errors="0">
  <testcase name="ApplicationTittle" time="0.125" classname="com.TestApplication.Test_App"/>
  <testcase name="verifypagelement" time="1.424" classname="com.TestApplication.Test_App"/>
  <testcase name="storeandobject" time="3.114" classname="com.TestApplication.Test_App"/>
  <testcase name="linkWorking" time="2.672" classname="com.TestApplication.Test_App"/>
  <testcase name="ReadLinksInExcel" time="0.284" classname="com.TestApplication.Test_App">
    <failure type="java.lang.ClassCastException" message="java.util.ArrayList cannot be cast to org.openqa.selenium.WebElement">
      <![CDATA[java.lang.ClassCastException: java.util.ArrayList cannot be cast to org.openqa.selenium.WebElement
	at com.PageObjectMainClass.ReadTheLink.TotalLinks(ReadTheLink.java:25)
	at com.TestApplication.Test_App.ReadLinksInExcel(Test_App.java:65)
... Removed 28 stack frames]]>
    </failure>
  </testcase> <!-- ReadLinksInExcel -->
</testsuite> <!-- Test -->
