<?xml version="1.0" encoding="UTF-8"?>
<!-- Generated by org.testng.reporters.JUnitXMLReporter -->
<testsuite hostname="Bhupender" ignored="0" name="Test2" tests="1" failures="1" timestamp="11 Apr 2018 05:01:17 GMT" time="44.361" errors="0">
  <testcase name="TestAddtocart" time="0.016" classname="com.TestApplication.Test_App">
    <failure type="java.lang.NullPointerException">
      <![CDATA[java.lang.NullPointerException
at org.openqa.selenium.support.pagefactory.DefaultElementLocator.findElement(DefaultElementLocator.java:69)
at org.openqa.selenium.support.pagefactory.internal.LocatingElementHandler.invoke(LocatingElementHandler.java:38)
at com.sun.proxy.$Proxy9.click(Unknown Source)
at com.PageObjectMainClass.AddToCart.ClickonAddToCart(AddToCart.java:23)
at com.TestApplication.Test_App.TestAddtocart(Test_App.java:31)
at java.util.concurrent.FutureTask.run(Unknown Source)
at java.util.concurrent.ThreadPoolExecutor.runWorker(Unknown Source)
at java.util.concurrent.ThreadPoolExecutor$Worker.run(Unknown Source)
at java.lang.Thread.run(Unknown Source)
... Removed 16 stack frames]]>
    </failure>
  </testcase> <!-- TestAddtocart -->
</testsuite> <!-- Test2 -->
