<?xml version="1.0" encoding="UTF-8"?>
<testng-results skipped="0" failed="0" total="1" passed="1">
  <reporter-output>
  </reporter-output>
  <suite name="Suite" duration-ms="71434" started-at="2018-06-22T04:45:30Z" finished-at="2018-06-22T04:46:42Z">
    <groups>
    </groups>
    <test name="Test" duration-ms="71434" started-at="2018-06-22T04:45:30Z" finished-at="2018-06-22T04:46:42Z">
      <class name="com.TestApplication.Test_App">
        <test-method status="PASS" signature="TestApplication(java.lang.String)[pri:0, instance:com.TestApplication.Test_App@6df97b55]" name="TestApplication" is-config="true" duration-ms="71365" started-at="2018-06-22T10:15:30Z" finished-at="2018-06-22T10:16:41Z">
          <params>
            <param index="0">
              <value>
                <![CDATA[chrome]]>
              </value>
            </param>
          </params>
          <reporter-output>
          </reporter-output>
        </test-method> <!-- TestApplication -->
        <test-method status="PASS" signature="ApplicationTittle()[pri:0, instance:com.TestApplication.Test_App@6df97b55]" name="ApplicationTittle" duration-ms="49" started-at="2018-06-22T10:16:41Z" finished-at="2018-06-22T10:16:42Z">
          <reporter-output>
          </reporter-output>
        </test-method> <!-- ApplicationTittle -->
      </class> <!-- com.TestApplication.Test_App -->
    </test> <!-- Test -->
  </suite> <!-- Suite -->
</testng-results>
