<?xml version="1.0" encoding="UTF-8"?>
<testng-results skipped="0" failed="1" total="5" passed="4">
  <reporter-output>
  </reporter-output>
  <suite name="Suite" duration-ms="20277" started-at="2018-06-20T04:28:38Z" finished-at="2018-06-20T04:28:58Z">
    <groups>
    </groups>
    <test name="Test" duration-ms="20277" started-at="2018-06-20T04:28:38Z" finished-at="2018-06-20T04:28:58Z">
      <class name="com.TestApplication.Test_App">
        <test-method status="PASS" signature="TestApplication(java.lang.String)[pri:0, instance:com.TestApplication.Test_App@6df97b55]" name="TestApplication" is-config="true" duration-ms="12576" started-at="2018-06-20T09:58:38Z" finished-at="2018-06-20T09:58:51Z">
          <params>
            <param index="0">
              <value>
                <![CDATA[chrome]]>
              </value>
            </param>
          </params>
          <reporter-output>
          </reporter-output>
        </test-method> <!-- TestApplication -->
        <test-method status="PASS" signature="ApplicationTittle()[pri:0, instance:com.TestApplication.Test_App@6df97b55]" name="ApplicationTittle" duration-ms="125" started-at="2018-06-20T09:58:51Z" finished-at="2018-06-20T09:58:51Z">
          <reporter-output>
          </reporter-output>
        </test-method> <!-- ApplicationTittle -->
        <test-method status="PASS" signature="verifypagelement()[pri:1, instance:com.TestApplication.Test_App@6df97b55]" name="verifypagelement" duration-ms="1424" started-at="2018-06-20T09:58:51Z" finished-at="2018-06-20T09:58:52Z">
          <reporter-output>
          </reporter-output>
        </test-method> <!-- verifypagelement -->
        <test-method status="PASS" signature="storeandobject()[pri:2, instance:com.TestApplication.Test_App@6df97b55]" name="storeandobject" duration-ms="3114" started-at="2018-06-20T09:58:52Z" finished-at="2018-06-20T09:58:55Z">
          <reporter-output>
          </reporter-output>
        </test-method> <!-- storeandobject -->
        <test-method status="PASS" signature="linkWorking()[pri:3, instance:com.TestApplication.Test_App@6df97b55]" name="linkWorking" duration-ms="2672" started-at="2018-06-20T09:58:55Z" finished-at="2018-06-20T09:58:58Z">
          <reporter-output>
          </reporter-output>
        </test-method> <!-- linkWorking -->
        <test-method status="FAIL" signature="ReadLinksInExcel()[pri:4, instance:com.TestApplication.Test_App@6df97b55]" name="ReadLinksInExcel" duration-ms="284" started-at="2018-06-20T09:58:58Z" finished-at="2018-06-20T09:58:58Z">
          <exception class="java.lang.ClassCastException">
            <message>
              <![CDATA[java.util.ArrayList cannot be cast to org.openqa.selenium.WebElement]]>
            </message>
            <full-stacktrace>
              <![CDATA[java.lang.ClassCastException: java.util.ArrayList cannot be cast to org.openqa.selenium.WebElement
	at com.PageObjectMainClass.ReadTheLink.TotalLinks(ReadTheLink.java:25)
	at com.TestApplication.Test_App.ReadLinksInExcel(Test_App.java:65)
	at sun.reflect.NativeMethodAccessorImpl.invoke0(Native Method)
	at sun.reflect.NativeMethodAccessorImpl.invoke(NativeMethodAccessorImpl.java:62)
	at sun.reflect.DelegatingMethodAccessorImpl.invoke(DelegatingMethodAccessorImpl.java:43)
	at java.lang.reflect.Method.invoke(Method.java:498)
	at org.testng.internal.MethodInvocationHelper.invokeMethod(MethodInvocationHelper.java:85)
	at org.testng.internal.Invoker.invokeMethod(Invoker.java:639)
	at org.testng.internal.Invoker.invokeTestMethod(Invoker.java:816)
	at org.testng.internal.Invoker.invokeTestMethods(Invoker.java:1124)
	at org.testng.internal.TestMethodWorker.invokeTestMethods(TestMethodWorker.java:125)
	at org.testng.internal.TestMethodWorker.run(TestMethodWorker.java:108)
	at org.testng.TestRunner.privateRun(TestRunner.java:774)
	at org.testng.TestRunner.run(TestRunner.java:624)
	at org.testng.SuiteRunner.runTest(SuiteRunner.java:359)
	at org.testng.SuiteRunner.runSequentially(SuiteRunner.java:354)
	at org.testng.SuiteRunner.privateRun(SuiteRunner.java:312)
	at org.testng.SuiteRunner.run(SuiteRunner.java:261)
	at org.testng.SuiteRunnerWorker.runSuite(SuiteRunnerWorker.java:52)
	at org.testng.SuiteRunnerWorker.run(SuiteRunnerWorker.java:86)
	at org.testng.TestNG.runSuitesSequentially(TestNG.java:1191)
	at org.testng.TestNG.runSuitesLocally(TestNG.java:1116)
	at org.testng.TestNG.run(TestNG.java:1024)
	at org.apache.maven.surefire.testng.TestNGExecutor.run(TestNGExecutor.java:283)
	at org.apache.maven.surefire.testng.TestNGXmlTestSuite.execute(TestNGXmlTestSuite.java:75)
	at org.apache.maven.surefire.testng.TestNGProvider.invoke(TestNGProvider.java:120)
	at org.apache.maven.surefire.booter.ForkedBooter.invokeProviderInSameClassLoader(ForkedBooter.java:379)
	at org.apache.maven.surefire.booter.ForkedBooter.runSuitesInProcess(ForkedBooter.java:340)
	at org.apache.maven.surefire.booter.ForkedBooter.execute(ForkedBooter.java:125)
	at org.apache.maven.surefire.booter.ForkedBooter.main(ForkedBooter.java:413)
]]>
            </full-stacktrace>
          </exception> <!-- java.lang.ClassCastException -->
          <reporter-output>
          </reporter-output>
        </test-method> <!-- ReadLinksInExcel -->
      </class> <!-- com.TestApplication.Test_App -->
    </test> <!-- Test -->
  </suite> <!-- Suite -->
</testng-results>
