<?xml version="1.0" encoding="UTF-8"?>
<testng-results skipped="0" failed="0" ignored="0" total="1" passed="1">
  <reporter-output>
  </reporter-output>
  <suite name="First1" duration-ms="27218" started-at="2018-04-13T04:37:58Z" finished-at="2018-04-13T04:38:25Z">
    <groups>
    </groups>
    <test name="Test1" duration-ms="27218" started-at="2018-04-13T04:37:58Z" finished-at="2018-04-13T04:38:25Z">
      <class name="com.TestApplication.Test_App">
        <test-method status="PASS" signature="TestApplication(java.lang.String)[pri:0, instance:com.TestApplication.Test_App@523884b2]" name="TestApplication" is-config="true" duration-ms="27115" started-at="2018-04-13T04:37:58Z" finished-at="2018-04-13T04:38:25Z">
          <params>
            <param index="0">
              <value>
                <![CDATA[chrome]]>
              </value>
            </param>
          </params>
          <reporter-output>
          </reporter-output>
        </test-method> <!-- TestApplication -->
        <test-method status="PASS" signature="TestAddtocart()[pri:2, instance:com.TestApplication.Test_App@523884b2]" name="TestAddtocart" duration-ms="54" started-at="2018-04-13T04:38:25Z" finished-at="2018-04-13T04:38:25Z">
          <reporter-output>
          </reporter-output>
        </test-method> <!-- TestAddtocart -->
      </class> <!-- com.TestApplication.Test_App -->
    </test> <!-- Test1 -->
  </suite> <!-- First1 -->
</testng-results>
